Z:\saa.dwg,Model,11-05-2022 10:30:52,exam,Microsoft Print to PDF,A4,1:1.34021,
Z:\saa.dwg,Model,11-05-2022 10:31:34,exam,AutoCAD PDF (General Documentation).pc3,ANSI A (8.50 x 11.00 Inches),1:82.009,
Z:\Orthographic Projections.dwg,Model,5/19/2022 9:21:35 AM,exam,Microsoft Print to PDF,A4,1:1.9951,
Z:\Orthographic Projections.dwg,Model,5/19/2022 9:21:58 AM,exam,Microsoft Print to PDF,A4,1:3.19917,
Z:\Orthographic Projections.dwg,Model,5/19/2022 9:22:22 AM,exam,Microsoft Print to PDF,A4,1:5.11867,
Z:\Orthographic Projections.dwg,Model,5/19/2022 9:40:07 AM,exam,Microsoft Print to PDF,A4,1:0.971309,
Z:\121A1016_2.dwg,Model,5/30/2022 11:06:34 AM,exam,Microsoft Print to PDF,A4,1:0.590554,
C:\Users\exam\Downloads\CHINMAY121a1013 MISSING VIEW.dwg,Model,30-05-2022 11:19:53,exam,Microsoft Print to PDF,A4,1:0.576712,
Z:\121A1012 Q3.dwg,Model,30-05-2022 11:21:55,exam,AutoCAD PDF (General Documentation).pc3,ANSI A (8.50 x 11.00 Inches),1:23.1154,
Z:\Orthographic Projections.dwg,Model,5/30/2022 11:23:34 AM,exam,Microsoft Print to PDF,A4,1:1.0598,
Z:\121A1012_Avinash Q2 Sectional orthographic.dwg,Model,30-05-2022 11:31:04,exam,AutoCAD PDF (General Documentation).pc3,ANSI A (8.50 x 11.00 Inches),1:68.3203,
C:\Users\exam\Documents\Drawing1.dwg,Model,5/31/2022 10:29:32 AM,exam,Microsoft Print to PDF,A4,1:1.0773,
C:\Users\exam\Documents\Drawing1.dwg,Model,5/31/2022 10:33:32 AM,exam,Microsoft Print to PDF,A4,1:1.00069,
C:\Users\exam\Documents\Drawing1.dwg,Model,5/31/2022 10:34:55 AM,exam,Microsoft Print to PDF,A4,1:1.03918,
Z:\121A1008\Orthographic Projection.dwg,Model,06-06-2022 11:34:30,exam,AutoCAD PDF (General Documentation).pc3,ANSI A (8.50 x 11.00 Inches),1:73.8822,
Z:\121A1012 Q3.dwg,Model,06-06-2022 11:56:04,exam,Microsoft Print to PDF,Letter,1:15.9213,
Z:\Avinash_isometric1.dwg,Model,06-06-2022 12:29:47,exam,AutoCAD PDF (General Documentation).pc3,ANSI A (8.50 x 11.00 Inches),1:46.8151,
Z:\Avinash_isometric1.dwg,Model,06-06-2022 12:37:03,exam,AutoCAD PDF (General Documentation).pc3,ANSI A (8.50 x 11.00 Inches),1:79.236,
Z:\Avaneesh iso.dwg,Model,6/6/2022 12:43:34 PM,exam,Microsoft Print to PDF,Letter,1:23.5037,
Z:\Isometric 2 121A1010.dwg,Model,06-06-2022 12:48:53 PM,exam,AutoCAD PDF (General Documentation).pc3,ISO A4 (210.00 x 297.00 MM),1:2.8398,
Z:\Avinash_isometric2.dwg,Model,06-06-2022 12:50:41,exam,AutoCAD PDF (General Documentation).pc3,ANSI A (8.50 x 11.00 Inches),1:55.7682,
C:\Users\exam\Desktop\Dhanush_Isometric_Q1.dwg,Model,06-06-2022 12:51:34 PM,exam,AutoCAD PDF (General Documentation).pc3,ANSI A (8.50 x 11.00 Inches),1:142.529,
Z:\Isometric 2 121A1010.dwg,Model,6/6/2022 12:53:46 PM,exam,Microsoft Print to PDF,A4,1:1.37775,
Z:\Avinash_121A1012isometric3.dwg,Model,06-06-2022 13:00:08,exam,AutoCAD PDF (General Documentation).pc3,ISO A4 (210.00 x 297.00 MM),1:1,
C:\Users\exam\Desktop\121A1019 Iso 3.dwg,Model,06-06-2022 01:00:17 PM,exam,AutoCAD PDF (General Documentation).pc3,ISO A4 (210.00 x 297.00 MM),1:1,
Z:\Avinash_ISOMETRIC3.dwg,Model,06-06-2022 13:03:18,exam,AutoCAD PDF (General Documentation).pc3,ISO A4 (210.00 x 297.00 MM),1:1,
Z:\Avinash_Isometric_3.dwg,Model,06-06-2022 13:05:17,exam,AutoCAD PDF (General Documentation).pc3,ISO A4 (210.00 x 297.00 MM),1:1,
Z:\Avinash_121A1012_Isometric_3.dwg,Model,06-06-2022 13:11:13,exam,AutoCAD PDF (General Documentation).pc3,ISO A4 (210.00 x 297.00 MM),1:1,
Z:\ZZZ.dwg,Model,06-06-2022 13:15:34,exam,AutoCAD PDF (General Documentation).pc3,ISO A4 (210.00 x 297.00 MM),1:1,
C:\Users\exam\Downloads\yyy.dwg,Model,06-06-2022 13:17:46,exam,AutoCAD PDF (General Documentation).pc3,ISO A4 (210.00 x 297.00 MM),1:2.94765,
C:\Users\exam\Downloads\yyy.dwg,Model,06-06-2022 13:19:18,exam,AutoCAD PDF (General Documentation).pc3,ISO A4 (210.00 x 297.00 MM),1:2.94866,
Z:\ZZZ.dwg,Model,06-06-2022 13:20:28,exam,AutoCAD PDF (General Documentation).pc3,ISO A4 (210.00 x 297.00 MM),1:1,
Z:\Isometric 3.dwg,Model,07-06-2022 09:39:51,exam,AutoCAD PDF (General Documentation).pc3,ANSI A (8.50 x 11.00 Inches),1:26.5717,
Z:\Isometric 3.dwg,Model,07-06-2022 09:40:46,exam,AutoCAD PDF (General Documentation).pc3,ANSI A (8.50 x 11.00 Inches),1:17.2879,
Z:\Dhanush_Isometric_Q3.dwg,Model,07-06-2022 09:42:01,exam,AutoCAD PDF (General Documentation).pc3,ISO A4 (210.00 x 297.00 MM),1:1,
C:\Users\exam\Desktop\JANHAVI.dwg,Model,07-06-2022 09:48:14,exam,Microsoft Print to PDF,A4,1:1.40622,
Z:\Dhanush_Isometric_Q3.dwg,Model,07-06-2022 09:49:50,exam,AutoCAD PDF (General Documentation).pc3,ISO A4 (210.00 x 297.00 MM),1:1,
C:\Users\exam\Desktop\JANHAVI.dwg,Model,07-06-2022 09:54:43,exam,Microsoft Print to PDF,A4,1:1.33641,
C:\Users\exam\Desktop\JANHAVI.dwg,Model,07-06-2022 10:00:40,exam,Microsoft Print to PDF,A4,1:1.28535,
C:\Users\exam\Desktop\JANHAVI.dwg,Model,07-06-2022 10:03:44,exam,Microsoft Print to PDF,A4,1:1.47244,
Drawing1.dwg,Model,07-06-2022 10:08:33,exam,AutoCAD PDF (General Documentation).pc3,ANSI A (8.50 x 11.00 Inches),1:56.3798,
Drawing2.dwg,Model,07-06-2022 10:18:59,exam,AutoCAD PDF (General Documentation).pc3,ANSI A (8.50 x 11.00 Inches),1:56.5629,
Drawing3.dwg,Model,07-06-2022 10:21:56,exam,AutoCAD PDF (General Documentation).pc3,ANSI A (8.50 x 11.00 Inches),1:39.3411,
C:\Users\exam\Documents\TANUJA YADAV 121A3062 Q1.dwg,Model,13-06-2022 16:01:45,exam,AutoCAD PDF (General Documentation).pc3,ANSI A (8.50 x 11.00 Inches),1:136.238,
